info it worked if it ends with ok
verbose cli [ 'node', '/usr/local/bin/npm', 'install', 'crypto' ]
info using npm@1.0.6
info using node@v0.5.0-pre
verbose config file /Users/jruddell/.npmrc
verbose config file /usr/local/etc/npmrc
silly testEngine { name: 'couchdb',
silly testEngine   version: '0.1.2',
silly testEngine   directories: { lib: './lib' },
silly testEngine   main: './lib/couchdb.js',
silly testEngine   author: { name: 'Nathan Stott' },
silly testEngine   mappings: 
silly testEngine    { 'promised-io': 'jar:http://github.com/nrstott/promised-io/zipball/master!/lib/',
silly testEngine      patr: 'jar:http://github.com/kriszyp/patr/zipball/master!/lib/',
silly testEngine      json: 'jar:http://github.com/kriszyp/narwhal/zipball/master!/engines/default/lib/json.js',
silly testEngine      traits: 'jar:http://github.com/nrstott/traits.js/zipball/master!/lib/traits' },
silly testEngine   dependencies: { 'promised-io': '>=0.2.1', traits: '>=0.3.0' },
silly testEngine   devDependencies: { patr: '>=0.2.1' },
silly testEngine   _id: 'couchdb@0.1.2',
silly testEngine   engines: { node: '*' },
silly testEngine   _engineSupported: true,
silly testEngine   _npmVersion: '1.0.6',
silly testEngine   _nodeVersion: 'v0.5.0-pre',
silly testEngine   _defaultsLoaded: true }
verbose caching /Users/jruddell/Projects/webnote5/node_modules/couchdb/package.json
verbose loadDefaults couchdb@0.1.2
silly testEngine { name: 'cradle',
silly testEngine   description: 'the high-level, caching, CouchDB library',
silly testEngine   url: 'http://cloudhead.io/cradle',
silly testEngine   keywords: [ 'couchdb', 'database', 'couch' ],
silly testEngine   author: 
silly testEngine    { name: 'Alexis Sellier',
silly testEngine      email: 'self@cloudhead.net' },
silly testEngine   contributors: [],
silly testEngine   dependencies: { vargs: '>=0.1.0', vows: '>=0.5.4' },
silly testEngine   version: '0.5.5',
silly testEngine   main: './lib/cradle',
silly testEngine   directories: { test: './test' },
silly testEngine   engines: { node: '>=0.3.6' },
silly testEngine   devDependencies: {},
silly testEngine   _id: 'cradle@0.5.5',
silly testEngine   _engineSupported: true,
silly testEngine   _npmVersion: '1.0.6',
silly testEngine   _nodeVersion: 'v0.5.0-pre',
silly testEngine   _defaultsLoaded: true }
verbose caching /Users/jruddell/Projects/webnote5/node_modules/cradle/package.json
verbose loadDefaults cradle@0.5.5
silly testEngine { name: 'connect-redis',
silly testEngine   description: 'Redis session store for Connect',
silly testEngine   version: '1.0.6',
silly testEngine   author: 
silly testEngine    { name: 'TJ Holowaychuk',
silly testEngine      email: 'tj@vision-media.ca' },
silly testEngine   main: './index.js',
silly testEngine   dependencies: { redis: '>= 0.0.1' },
silly testEngine   devDependencies: { connect: '1.4.x' },
silly testEngine   engines: { node: '>= 0.1.98' },
silly testEngine   _id: 'connect-redis@1.0.6',
silly testEngine   _engineSupported: true,
silly testEngine   _npmVersion: '1.0.6',
silly testEngine   _nodeVersion: 'v0.5.0-pre',
silly testEngine   _defaultsLoaded: true }
verbose caching /Users/jruddell/Projects/webnote5/node_modules/connect-redis/package.json
verbose loadDefaults connect-redis@1.0.6
silly testEngine { name: 'express',
silly testEngine   description: 'Sinatra inspired web development framework',
silly testEngine   version: '2.4.3',
silly testEngine   author: 
silly testEngine    { name: 'TJ Holowaychuk',
silly testEngine      email: 'tj@vision-media.ca' },
silly testEngine   contributors: 
silly testEngine    [ { name: 'TJ Holowaychuk',
silly testEngine        email: 'tj@vision-media.ca' },
silly testEngine      { name: 'Aaron Heckmann',
silly testEngine        email: 'aaron.heckmann+github@gmail.com' },
silly testEngine      { name: 'Ciaran Jessup', email: 'ciaranj@gmail.com' },
silly testEngine      { name: 'Guillermo Rauch', email: 'rauchg@gmail.com' } ],
silly testEngine   dependencies: 
silly testEngine    { connect: '>= 1.5.2 < 2.0.0',
silly testEngine      mime: '>= 0.0.1',
silly testEngine      qs: '>= 0.0.6' },
silly testEngine   devDependencies: 
silly testEngine    { 'connect-form': '0.2.1',
silly testEngine      ejs: '0.4.2',
silly testEngine      expresso: '0.7.2',
silly testEngine      hamljs: '0.5.1',
silly testEngine      jade: '0.11.0',
silly testEngine      stylus: '0.13.0',
silly testEngine      should: '0.2.1',
silly testEngine      'express-messages': '0.0.2',
silly testEngine      'node-markdown': '>= 0.0.1',
silly testEngine      'connect-redis': '>= 0.0.1' },
silly testEngine   keywords: [ 'framework', 'sinatra', 'web', 'rest', 'restful' ],
silly testEngine   repository: 
silly testEngine    { type: 'git',
silly testEngine      url: 'git://github.com/visionmedia/express.git' },
silly testEngine   main: 'index',
silly testEngine   bin: { express: './bin/express' },
silly testEngine   scripts: { test: 'make test', prepublish: 'npm prune' },
silly testEngine   engines: { node: '>= 0.4.1 < 0.5.0' },
silly testEngine   _id: 'express@2.4.3',
silly testEngine   _engineSupported: true,
silly testEngine   _npmVersion: '1.0.6',
silly testEngine   _nodeVersion: 'v0.5.0-pre',
silly testEngine   _defaultsLoaded: true }
verbose caching /Users/jruddell/Projects/webnote5/node_modules/express/package.json
verbose loadDefaults express@2.4.3
silly testEngine { name: 'express-csrf',
silly testEngine   description: 'Cross-site request forgery protection for Express',
silly testEngine   version: '0.3.3',
silly testEngine   author: 
silly testEngine    { name: 'Linus G Thiel',
silly testEngine      email: 'linus@hanssonlarsson.se' },
silly testEngine   contributors: 
silly testEngine    [ { name: 'Tane Piper',
silly testEngine        url: 'http://github.com/tanepiper' },
silly testEngine      { name: 'Stijn Debrouwere',
silly testEngine        url: 'http://github.com/stdbrouw' },
silly testEngine      { name: 'elisee', url: 'http://github.com/elisee' } ],
silly testEngine   dependencies: { express: '>= 2.0.0' },
silly testEngine   keywords: [ 'middleware', 'web', 'csrf' ],
silly testEngine   engines: { node: '>= 0.2.0' },
silly testEngine   repository: 
silly testEngine    { type: 'git',
silly testEngine      url: 'git://github.com/hanssonlarsson/express-csrf.git' },
silly testEngine   devDependencies: {},
silly testEngine   _id: 'express-csrf@0.3.3',
silly testEngine   _engineSupported: true,
silly testEngine   _npmVersion: '1.0.6',
silly testEngine   _nodeVersion: 'v0.5.0-pre',
silly testEngine   _defaultsLoaded: true }
verbose caching /Users/jruddell/Projects/webnote5/node_modules/express-csrf/package.json
verbose loadDefaults express-csrf@0.3.3
silly testEngine { name: 'jade',
silly testEngine   description: 'Jade template engine',
silly testEngine   version: '0.13.0',
silly testEngine   author: 
silly testEngine    { name: 'TJ Holowaychuk',
silly testEngine      email: 'tj@vision-media.ca' },
silly testEngine   repository: 
silly testEngine    { type: 'git',
silly testEngine      url: 'git://github.com/visionmedia/jade.git' },
silly testEngine   main: './index.js',
silly testEngine   bin: { jade: './bin/jade' },
silly testEngine   devDependencies: 
silly testEngine    { expresso: '0.6.4',
silly testEngine      'coffee-script': '>= 0.0.1',
silly testEngine      sass: '>= 0.0.1',
silly testEngine      less: '>= 0.0.1',
silly testEngine      markdown: '>= 0.0.1',
silly testEngine      stylus: '>= 0.0.1' },
silly testEngine   scripts: { prepublish: 'npm prune' },
silly testEngine   engines: { node: '>= 0.1.98' },
silly testEngine   dependencies: {},
silly testEngine   _id: 'jade@0.13.0',
silly testEngine   _engineSupported: true,
silly testEngine   _npmVersion: '1.0.6',
silly testEngine   _nodeVersion: 'v0.5.0-pre',
silly testEngine   _defaultsLoaded: true }
verbose caching /Users/jruddell/Projects/webnote5/node_modules/jade/package.json
verbose loadDefaults jade@0.13.0
silly testEngine { name: 'socket.io',
silly testEngine   version: '0.7.7',
silly testEngine   description: 'Real-time apps made cross-browser & easy with a WebSocket-like API',
silly testEngine   homepage: 'http://socket.io',
silly testEngine   keywords: 
silly testEngine    [ 'websocket',
silly testEngine      'socket',
silly testEngine      'realtime',
silly testEngine      'socket.io',
silly testEngine      'comet',
silly testEngine      'ajax' ],
silly testEngine   author: 
silly testEngine    { name: 'Guillermo Rauch',
silly testEngine      email: 'guillermo@learnboost.com' },
silly testEngine   contributors: 
silly testEngine    [ { name: 'Guillermo Rauch', email: 'rauchg@gmail.com' },
silly testEngine      { name: 'Arnout Kazemier',
silly testEngine        email: 'info@3rd-eden.com' },
silly testEngine      { name: 'Vladimir Dronnikov',
silly testEngine        email: 'dronnikov@gmail.com' } ],
silly testEngine   repository: 
silly testEngine    { type: 'git',
silly testEngine      url: 'git://github.com/LearnBoost/Socket.IO-node.git' },
silly testEngine   dependencies: 
silly testEngine    { 'socket.io-client': '0.7.4',
silly testEngine      policyfile: '0.0.3',
silly testEngine      redis: '0.6.0' },
silly testEngine   devDependencies: { expresso: '0.7.7', should: '0.0.4' },
silly testEngine   main: 'index',
silly testEngine   engines: { node: '>= 0.4.0' },
silly testEngine   _id: 'socket.io@0.7.7',
silly testEngine   _engineSupported: true,
silly testEngine   _npmVersion: '1.0.6',
silly testEngine   _nodeVersion: 'v0.5.0-pre',
silly testEngine   _defaultsLoaded: true }
verbose caching /Users/jruddell/Projects/webnote5/node_modules/socket.io/package.json
verbose loadDefaults socket.io@0.7.7
silly testEngine { name: 'stylus',
silly testEngine   description: 'Robust, expressive, and feature-rich CSS superset',
silly testEngine   version: '0.13.7',
silly testEngine   author: 
silly testEngine    { name: 'TJ Holowaychuk',
silly testEngine      email: 'tj@vision-media.ca' },
silly testEngine   keywords: 
silly testEngine    [ 'css',
silly testEngine      'parser',
silly testEngine      'style',
silly testEngine      'stylesheets',
silly testEngine      'jade',
silly testEngine      'language' ],
silly testEngine   repository: 
silly testEngine    { type: 'git',
silly testEngine      url: 'git://github.com/learnboost/stylus.git' },
silly testEngine   main: './index.js',
silly testEngine   engines: { node: '>= 0.2.4' },
silly testEngine   bin: { stylus: './bin/stylus' },
silly testEngine   scripts: { prepublish: 'npm prune' },
silly testEngine   dependencies: { cssom: '0.2.0', growl: '1.1.0' },
silly testEngine   devDependencies: {},
silly testEngine   _id: 'stylus@0.13.7',
silly testEngine   _engineSupported: true,
silly testEngine   _npmVersion: '1.0.6',
silly testEngine   _nodeVersion: 'v0.5.0-pre',
silly testEngine   _defaultsLoaded: true }
verbose caching /Users/jruddell/Projects/webnote5/node_modules/stylus/package.json
verbose loadDefaults stylus@0.13.7
verbose into /Users/jruddell/Projects/webnote5 [ 'crypto' ]
verbose cache add [ 'crypto', null ]
info addNamed [ 'crypto', '' ]
verbose addNamed [ null, '' ]
verbose GET crypto
verbose raw, before any munging crypto
verbose url resolving [ 'http://registry.npmjs.org/', './crypto' ]
verbose url resolved http://registry.npmjs.org/crypto
verbose url parsed { protocol: 'http:',
verbose url parsed   slashes: true,
verbose url parsed   host: 'registry.npmjs.org',
verbose url parsed   hostname: 'registry.npmjs.org',
verbose url parsed   href: 'http://registry.npmjs.org/crypto',
verbose url parsed   pathname: '/crypto' }
verbose response http://registry.npmjs.org/crypto
silly chunk {"_id":"crypto","_rev":"3-66a444b64481c85987dd3f22c32e0630","name":"crypto","description":"JavaScript implementations of standard and secure cryptographic algorithms.","dist-tags":{"latest":"0.0.1"},"versions":{"0.0.1":{"name":"crypto","version":"0.0.1","description":"JavaScript implementations of standard and secure cryptographic algorithms.","keywords":["crypto","md5","sha1"],"author":{"name":"Irakli Gozalishvili","email":"rfobic@gmail.com"},"repository":{"type":"git","url":"git://github.com/Gozala/crypto.git","web":"https://github.com/Gozala/crypto"},"bugs":{"url":"http://github.com/Gozala/crypto/issues/"},"directories":{"doc":"./docs","lib":"./lib","test":"./test"},"devDependencies":{"test":">=0.0.10"},"engines":{"node":"0.4.x","teleport":">=0.2.0"},"scripts":{"test":"node test/test-crypto.js"},"licenses":[{"type":"MPL 1.1/LGPL 2.1/GPL 2.0","url":"http://www.mozilla.org/MPL/"}],"_id":"crypto@0.0.1","_engineSupported":true,"_npmVersion":"0.3.15","_nodeVersion":"v0.4.5","files":[""],"_defaultsLoaded":true,"dist":{"shasum":"51bc1e4891e9057ec68bd10b6b3a23f51bc9980e","tarball":"http://registry.npmjs.org/crypto/-/crypto-0.0.1.tgz"}}},"maintainers":[{"name":"gozala","email":"rfobic@gmail.com"}],"time":{"0.0.1":"2011-04-14T15:34:54.493Z"},"author":{"name":"Irakli Gozalishvili","email":"rfobic@gmail.com"},"repository":{"type":"git","url":"git://github.com/Gozala/crypto.git","web":"https://github.com/Gozala/crypto"}}
silly get cb [ 200,
silly get cb   { vary: 'Accept',
silly get cb     server: 'CouchDB/1.1.0 (Erlang OTP/R14B03)',
silly get cb     etag: '"D0Y4REHO3U26RG6488D78U2PD"',
silly get cb     date: 'Thu, 28 Jul 2011 04:53:20 GMT',
silly get cb     'content-type': 'application/json',
silly get cb     'content-length': '1434' } ]
verbose mkdir done: /Users/jruddell/.npm/crypto 755
verbose GET crypto/0.0.1
verbose raw, before any munging crypto/0.0.1
verbose url resolving [ 'http://registry.npmjs.org/', './crypto/0.0.1' ]
verbose url resolved http://registry.npmjs.org/crypto/0.0.1
verbose url parsed { protocol: 'http:',
verbose url parsed   slashes: true,
verbose url parsed   host: 'registry.npmjs.org',
verbose url parsed   hostname: 'registry.npmjs.org',
verbose url parsed   href: 'http://registry.npmjs.org/crypto/0.0.1',
verbose url parsed   pathname: '/crypto/0.0.1' }
verbose response http://registry.npmjs.org/crypto/0.0.1
silly chunk {"name":"crypto","version":"0.0.1","description":"JavaScript implementations of standard and secure cryptographic algorithms.","keywords":["crypto","md5","sha1"],"author":{"name":"Irakli Gozalishvili","email":"rfobic@gmail.com"},"repository":{"type":"git","url":"git://github.com/Gozala/crypto.git","web":"https://github.com/Gozala/crypto"},"bugs":{"url":"http://github.com/Gozala/crypto/issues/"},"directories":{"doc":"./docs","lib":"./lib","test":"./test"},"devDependencies":{"test":">=0.0.10"},"engines":{"node":"0.4.x","teleport":">=0.2.0"},"scripts":{"test":"node test/test-crypto.js"},"licenses":[{"type":"MPL 1.1/LGPL 2.1/GPL 2.0","url":"http://www.mozilla.org/MPL/"}],"_id":"crypto@0.0.1","_engineSupported":true,"_npmVersion":"0.3.15","_nodeVersion":"v0.4.5","files":[""],"_defaultsLoaded":true,"dist":{"shasum":"51bc1e4891e9057ec68bd10b6b3a23f51bc9980e","tarball":"http://registry.npmjs.org/crypto/-/crypto-0.0.1.tgz"}}
silly get cb [ 200,
silly get cb   { vary: 'Accept',
silly get cb     server: 'CouchDB/1.1.0 (Erlang OTP/R14B03)',
silly get cb     etag: '"D0Y4REHO3U26RG6488D78U2PD"',
silly get cb     date: 'Thu, 28 Jul 2011 04:53:20 GMT',
silly get cb     'content-type': 'application/json',
silly get cb     'content-length': '929' } ]
verbose mkdir done: /Users/jruddell/.npm/crypto/0.0.1 755
verbose bin dist [ null,
verbose bin dist   { shasum: '51bc1e4891e9057ec68bd10b6b3a23f51bc9980e',
verbose bin dist     tarball: 'http://registry.npmjs.org/crypto/-/crypto-0.0.1.tgz' } ]
verbose addRemoteTarball [ 'http://registry.npmjs.org/crypto/-/crypto-0.0.1.tgz',
verbose addRemoteTarball   '51bc1e4891e9057ec68bd10b6b3a23f51bc9980e' ]
verbose mkdir done: /var/folders/by/qjw3vn8n347_n62blz_77hcm0000gn/T/npm-1311828801184/1311828801184-0.3269640028011054 755
info fetch http://registry.npmjs.org/crypto/-/crypto-0.0.1.tgz
verbose fetch to /var/folders/by/qjw3vn8n347_n62blz_77hcm0000gn/T/npm-1311828801184/1311828801184-0.3269640028011054/tmp.tgz
silly updated sha bytes 5769
info shasum 51bc1e4891e9057ec68bd10b6b3a23f51bc9980e
info shasum /var/folders/by/qjw3vn8n347_n62blz_77hcm0000gn/T/npm-1311828801184/1311828801184-0.3269640028011054/tmp.tgz
verbose mkdir done: /var/folders/by/qjw3vn8n347_n62blz_77hcm0000gn/T/npm-1311828801184/1311828801184-0.3269640028011054/contents/___package.npm 755
verbose unpack_ uid, gid [ undefined, undefined ]
verbose unpackTarget /var/folders/by/qjw3vn8n347_n62blz_77hcm0000gn/T/npm-1311828801184/1311828801184-0.3269640028011054/contents/package
silly gunzTarPerm modes [ '755', '644' ]
verbose success gzip "--decompress" "--stdout" "/var/folders/by/qjw3vn8n347_n62blz_77hcm0000gn/T/npm-1311828801184/1311828801184-0.3269640028011054/tmp.tgz"
verbose success tar "-mvxpf" "-" "--no-same-owner" "-C" "/var/folders/by/qjw3vn8n347_n62blz_77hcm0000gn/T/npm-1311828801184/1311828801184-0.3269640028011054/contents/___package.npm"
silly asyncMap in gTP /var/folders/by/qjw3vn8n347_n62blz_77hcm0000gn/T/npm-1311828801184/1311828801184-0.3269640028011054/contents/___package.npm/package/
silly asyncMap in gTP /var/folders/by/qjw3vn8n347_n62blz_77hcm0000gn/T/npm-1311828801184/1311828801184-0.3269640028011054/contents/___package.npm/package/History.md
silly asyncMap in gTP /var/folders/by/qjw3vn8n347_n62blz_77hcm0000gn/T/npm-1311828801184/1311828801184-0.3269640028011054/contents/___package.npm/package/md5.js
silly asyncMap in gTP /var/folders/by/qjw3vn8n347_n62blz_77hcm0000gn/T/npm-1311828801184/1311828801184-0.3269640028011054/contents/___package.npm/package/package.json
silly asyncMap in gTP /var/folders/by/qjw3vn8n347_n62blz_77hcm0000gn/T/npm-1311828801184/1311828801184-0.3269640028011054/contents/___package.npm/package/Readme.md
silly asyncMap in gTP /var/folders/by/qjw3vn8n347_n62blz_77hcm0000gn/T/npm-1311828801184/1311828801184-0.3269640028011054/contents/___package.npm/package/sha1.js
silly asyncMap in gTP /var/folders/by/qjw3vn8n347_n62blz_77hcm0000gn/T/npm-1311828801184/1311828801184-0.3269640028011054/contents/___package.npm/package/lib/
silly asyncMap in gTP /var/folders/by/qjw3vn8n347_n62blz_77hcm0000gn/T/npm-1311828801184/1311828801184-0.3269640028011054/contents/___package.npm/package/lib/md5.js
silly asyncMap in gTP /var/folders/by/qjw3vn8n347_n62blz_77hcm0000gn/T/npm-1311828801184/1311828801184-0.3269640028011054/contents/___package.npm/package/lib/sha1.js
silly asyncMap in gTP /var/folders/by/qjw3vn8n347_n62blz_77hcm0000gn/T/npm-1311828801184/1311828801184-0.3269640028011054/contents/___package.npm/package/test/
silly asyncMap in gTP /var/folders/by/qjw3vn8n347_n62blz_77hcm0000gn/T/npm-1311828801184/1311828801184-0.3269640028011054/contents/___package.npm/package/test/test-crypto.js
verbose gunzed /var/folders/by/qjw3vn8n347_n62blz_77hcm0000gn/T/npm-1311828801184/1311828801184-0.3269640028011054/contents/___package.npm/package
verbose rm'ed /var/folders/by/qjw3vn8n347_n62blz_77hcm0000gn/T/npm-1311828801184/1311828801184-0.3269640028011054/contents/package
verbose renamed [ '/var/folders/by/qjw3vn8n347_n62blz_77hcm0000gn/T/npm-1311828801184/1311828801184-0.3269640028011054/contents/___package.npm/package',
verbose renamed   '/var/folders/by/qjw3vn8n347_n62blz_77hcm0000gn/T/npm-1311828801184/1311828801184-0.3269640028011054/contents/package' ]
silly testEngine { name: 'crypto',
silly testEngine   version: '0.0.1',
silly testEngine   description: 'JavaScript implementations of standard and secure cryptographic algorithms.',
silly testEngine   keywords: [ 'crypto', 'md5', 'sha1' ],
silly testEngine   author: 
silly testEngine    { name: 'Irakli Gozalishvili',
silly testEngine      email: 'rfobic@gmail.com' },
silly testEngine   repository: 
silly testEngine    { type: 'git',
silly testEngine      url: 'git://github.com/Gozala/crypto.git',
silly testEngine      web: 'https://github.com/Gozala/crypto' },
silly testEngine   bugs: { url: 'http://github.com/Gozala/crypto/issues/' },
silly testEngine   directories: { doc: './docs', lib: './lib', test: './test' },
silly testEngine   devDependencies: { test: '>=0.0.10' },
silly testEngine   engines: { node: '0.4.x', teleport: '>=0.2.0' },
silly testEngine   scripts: { test: 'node test/test-crypto.js' },
silly testEngine   licenses: 
silly testEngine    [ { type: 'MPL 1.1/LGPL 2.1/GPL 2.0',
silly testEngine        url: 'http://www.mozilla.org/MPL/' } ],
silly testEngine   dependencies: {},
silly testEngine   _id: 'crypto@0.0.1',
silly testEngine   _engineSupported: false,
silly testEngine   _npmVersion: '1.0.6',
silly testEngine   _nodeVersion: 'v0.5.0-pre',
silly testEngine   _defaultsLoaded: true,
silly testEngine   path: '/var/folders/by/qjw3vn8n347_n62blz_77hcm0000gn/T/npm-1311828801184/1311828801184-0.3269640028011054/contents/package' }
verbose caching /var/folders/by/qjw3vn8n347_n62blz_77hcm0000gn/T/npm-1311828801184/1311828801184-0.3269640028011054/contents/package/package.json
verbose loadDefaults crypto@0.0.1
verbose tarball contents [ 'package' ]
verbose from cache /var/folders/by/qjw3vn8n347_n62blz_77hcm0000gn/T/npm-1311828801184/1311828801184-0.3269640028011054/contents/package/package.json
verbose pack /var/folders/by/qjw3vn8n347_n62blz_77hcm0000gn/T/npm-1311828801184/1311828801184-0.3269640028011054/contents/package /Users/jruddell/.npm/crypto/0.0.1/package.tgz
verbose from cache /var/folders/by/qjw3vn8n347_n62blz_77hcm0000gn/T/npm-1311828801184/1311828801184-0.3269640028011054/contents/package/package.json
verbose mkdir'ed /Users/jruddell/.npm/crypto/0.0.1
verbose tar about to write tar and gzip it.
silly tar args [ '-cvf',
silly tar args   '-',
silly tar args   'package/History.md',
silly tar args   'package/md5.js',
silly tar args   'package/package.json',
silly tar args   'package/Readme.md',
silly tar args   'package/sha1.js',
silly tar args   'package/lib/md5.js',
silly tar args   'package/lib/sha1.js',
silly tar args   'package/test/test-crypto.js' ]
verbose success tar -cvf - <file list elided>
verbose success gzip "--stdout"
verbose mkdir done: /Users/jruddell/.npm/crypto/0.0.1/___package.npm 755
verbose unpack_ uid, gid [ undefined, undefined ]
verbose unpackTarget /Users/jruddell/.npm/crypto/0.0.1/package
silly gunzTarPerm modes [ '755', '644' ]
verbose success gzip "--decompress" "--stdout" "/Users/jruddell/.npm/crypto/0.0.1/package.tgz"
verbose success tar "-mvxpf" "-" "--no-same-owner" "-C" "/Users/jruddell/.npm/crypto/0.0.1/___package.npm"
silly asyncMap in gTP /Users/jruddell/.npm/crypto/0.0.1/___package.npm/package/
silly asyncMap in gTP /Users/jruddell/.npm/crypto/0.0.1/___package.npm/package/History.md
silly asyncMap in gTP /Users/jruddell/.npm/crypto/0.0.1/___package.npm/package/md5.js
silly asyncMap in gTP /Users/jruddell/.npm/crypto/0.0.1/___package.npm/package/package.json
silly asyncMap in gTP /Users/jruddell/.npm/crypto/0.0.1/___package.npm/package/Readme.md
silly asyncMap in gTP /Users/jruddell/.npm/crypto/0.0.1/___package.npm/package/sha1.js
silly asyncMap in gTP /Users/jruddell/.npm/crypto/0.0.1/___package.npm/package/lib/
silly asyncMap in gTP /Users/jruddell/.npm/crypto/0.0.1/___package.npm/package/lib/md5.js
silly asyncMap in gTP /Users/jruddell/.npm/crypto/0.0.1/___package.npm/package/lib/sha1.js
silly asyncMap in gTP /Users/jruddell/.npm/crypto/0.0.1/___package.npm/package/test/
silly asyncMap in gTP /Users/jruddell/.npm/crypto/0.0.1/___package.npm/package/test/test-crypto.js
verbose gunzed /Users/jruddell/.npm/crypto/0.0.1/___package.npm/package
verbose rm'ed /Users/jruddell/.npm/crypto/0.0.1/package
verbose renamed [ '/Users/jruddell/.npm/crypto/0.0.1/___package.npm/package',
verbose renamed   '/Users/jruddell/.npm/crypto/0.0.1/package' ]
silly testEngine { name: 'crypto',
silly testEngine   version: '0.0.1',
silly testEngine   description: 'JavaScript implementations of standard and secure cryptographic algorithms.',
silly testEngine   keywords: [ 'crypto', 'md5', 'sha1' ],
silly testEngine   author: 
silly testEngine    { name: 'Irakli Gozalishvili',
silly testEngine      email: 'rfobic@gmail.com' },
silly testEngine   repository: 
silly testEngine    { type: 'git',
silly testEngine      url: 'git://github.com/Gozala/crypto.git',
silly testEngine      web: 'https://github.com/Gozala/crypto' },
silly testEngine   bugs: { url: 'http://github.com/Gozala/crypto/issues/' },
silly testEngine   directories: { doc: './docs', lib: './lib', test: './test' },
silly testEngine   devDependencies: { test: '>=0.0.10' },
silly testEngine   engines: { node: '0.4.x', teleport: '>=0.2.0' },
silly testEngine   scripts: { test: 'node test/test-crypto.js' },
silly testEngine   licenses: 
silly testEngine    [ { type: 'MPL 1.1/LGPL 2.1/GPL 2.0',
silly testEngine        url: 'http://www.mozilla.org/MPL/' } ],
silly testEngine   dependencies: {},
silly testEngine   _id: 'crypto@0.0.1',
silly testEngine   _engineSupported: false,
silly testEngine   _npmVersion: '1.0.6',
silly testEngine   _nodeVersion: 'v0.5.0-pre',
silly testEngine   _defaultsLoaded: true,
silly testEngine   dist: { shasum: '63d16ca2aff3e26659ce177a7772f9f4e63e2614' } }
verbose caching /Users/jruddell/.npm/crypto/0.0.1/package/package.json
verbose loadDefaults crypto@0.0.1
silly updated sha bytes 5721
info shasum 63d16ca2aff3e26659ce177a7772f9f4e63e2614
info shasum /Users/jruddell/.npm/crypto/0.0.1/package.tgz
verbose from cache /Users/jruddell/.npm/crypto/0.0.1/package/package.json
verbose chmod /Users/jruddell/.npm/crypto/0.0.1/package.json 644
verbose chmod /Users/jruddell/.npm/crypto/0.0.1/package.tgz 644
silly resolved [ { name: 'crypto',
silly resolved     version: '0.0.1',
silly resolved     description: 'JavaScript implementations of standard and secure cryptographic algorithms.',
silly resolved     keywords: [ 'crypto', 'md5', 'sha1' ],
silly resolved     author: 
silly resolved      { name: 'Irakli Gozalishvili',
silly resolved        email: 'rfobic@gmail.com' },
silly resolved     repository: 
silly resolved      { type: 'git',
silly resolved        url: 'git://github.com/Gozala/crypto.git',
silly resolved        web: 'https://github.com/Gozala/crypto' },
silly resolved     bugs: { url: 'http://github.com/Gozala/crypto/issues/' },
silly resolved     directories: { doc: './docs', lib: './lib', test: './test' },
silly resolved     devDependencies: { test: '>=0.0.10' },
silly resolved     engines: { node: '0.4.x', teleport: '>=0.2.0' },
silly resolved     scripts: { test: 'node test/test-crypto.js' },
silly resolved     licenses: 
silly resolved      [ { type: 'MPL 1.1/LGPL 2.1/GPL 2.0',
silly resolved          url: 'http://www.mozilla.org/MPL/' } ],
silly resolved     dependencies: {},
silly resolved     _id: 'crypto@0.0.1',
silly resolved     _engineSupported: false,
silly resolved     _npmVersion: '1.0.6',
silly resolved     _nodeVersion: 'v0.5.0-pre',
silly resolved     _defaultsLoaded: true,
silly resolved     dist: { shasum: '63d16ca2aff3e26659ce177a7772f9f4e63e2614' } } ]
info into /Users/jruddell/Projects/webnote5 crypto@0.0.1
info installOne crypto@0.0.1
verbose installOne cb crypto@0.0.1
ERR! Unsupported
ERR! Not compatible with your version of node/npm: crypto@0.0.1
ERR! Required: {"node":"0.4.x","teleport":">=0.2.0"}
ERR! Actual:   {"npm":"1.0.6","node":"v0.5.0-pre"}
ERR! 
ERR! System Darwin 11.0.0
ERR! command "node" "/usr/local/bin/npm" "install" "crypto"
verbose exit [ 1, true ]
